        Placement Information by Vertex
        ===============================

Generated: Sat Mar 11 14:53:09 2023 for target machine '10.11.193.1'

**** Vertex: 'Exc'
Model: AbstractPopulationVertex
Pop size: 100
Machine Vertices: 
  Slice 0:99 (100 atoms) 

**** Vertex: 'Inh'
Model: AbstractPopulationVertex
Pop size: 100
Machine Vertices: 
  Slice 0:99 (100 atoms) 

**** Vertex: 'Inh_delayed'
Model: DelayExtensionVertex
Pop size: 100
Machine Vertices: 
  Slice 0:99 (100 atoms) 

**** Vertex: 'Thalamus'
Model: SpikeSourceArrayVertex
Pop size: 100
Machine Vertices: 
  Slice 0:99 (100 atoms) 

